<?xml version="1.0" ?>
<coverage version="7.13.5" timestamp="1775730130260" lines-valid="7" lines-covered="5" line-rate="0.7143" branches-covered="0" branches-valid="0" branch-rate="0" complexity="0">
	<!-- Generated by coverage.py: https://coverage.readthedocs.io/en/7.13.5 -->
	<!-- Based on https://raw.githubusercontent.com/cobertura/web/master/htdocs/xml/coverage-04.dtd -->
	<sources>
		<source>C:\Users\manupoju\Desktop\SonarQube-integration-task\app</source>
	</sources>
	<packages>
		<package name="." line-rate="0.7143" branch-rate="0" complexity="0">
			<classes>
				<class name="__init__.py" filename="__init__.py" complexity="0" line-rate="1" branch-rate="0">
					<methods/>
					<lines/>
				</class>
				<class name="main.py" filename="main.py" complexity="0" line-rate="0.7143" branch-rate="0">
					<methods/>
					<lines>
						<line number="1" hits="1"/>
						<line number="2" hits="1"/>
						<line number="5" hits="1"/>
						<line number="6" hits="1"/>
						<line number="9" hits="1"/>
						<line number="10" hits="0"/>
						<line number="11" hits="0"/>
					</lines>
				</class>
			</classes>
		</package>
	</packages>
</coverage>
